<?xml version="1.0" encoding="UTF-8"?>
<!-- Generated by org.testng.reporters.JUnitXMLReporter -->
<testsuite ignored="2" hostname="LAPTOP-B0R468S9" failures="1" tests="1" name="Amazon Web Automation" time="6.692" errors="0" timestamp="2022-07-17T20:48:54 EDT">
  <testcase classname="com.amazon.testPages.HomePageTest.AmazonHomePageTest" name="AmazonHomePageCustomerServicelinkFunctionalityChecking" time="0.432">
    <failure type="org.openqa.selenium.WebDriverException" message="unknown error: cannot determine loading status
from unknown error: unexpected command response
  (Session info: chrome=103.0.5060.114)
Build info: version: &amp;apos;4.3.0&amp;apos;, revision: &amp;apos;a4995e2c09*&amp;apos;
System info: host: &amp;apos;LAPTOP-B0R468S9&amp;apos;, ip: &amp;apos;192.168.124.1&amp;apos;, os.name: &amp;apos;Windows 10&amp;apos;, os.arch: &amp;apos;amd64&amp;apos;, os.version: &amp;apos;10.0&amp;apos;, java.version: &amp;apos;11.0.12&amp;apos;
Driver info: org.openqa.selenium.chrome.ChromeDriver
Command: [86cfbf5fe840b405d4730e593af92602, clickElement {id=93560dfd-59b5-44ca-b875-4855d5a1886b}]
Capabilities {acceptInsecureCerts: false, browserName: chrome, browserVersion: 103.0.5060.114, chrome: {chromedriverVersion: 103.0.5060.53 (a1711811edd7..., userDataDir: C:\Users\mahbu\AppData\Loca...}, goog:chromeOptions: {debuggerAddress: localhost:51368}, networkConnectionEnabled: false, pageLoadStrategy: normal, platformName: WINDOWS, proxy: Proxy(), se:cdp: ws://localhost:51368/devtoo..., se:cdpVersion: 103.0.5060.114, setWindowRect: true, strictFileInteractability: false, timeouts: {implicit: 0, pageLoad: 300000, script: 30000}, unhandledPromptBehavior: dismiss and notify, webauthn:extension:credBlob: true, webauthn:extension:largeBlob: true, webauthn:virtualAuthenticators: true}
Element: [[ChromeDriver: chrome on WINDOWS (86cfbf5fe840b405d4730e593af92602)] -&amp;gt; xpath: //a[contains(text(),&amp;apos;Customer Service&amp;apos;)]]
Session ID: 86cfbf5fe840b405d4730e593af92602">
      <![CDATA[org.openqa.selenium.WebDriverException: unknown error: cannot determine loading status
from unknown error: unexpected command response
  (Session info: chrome=103.0.5060.114)
Build info: version: '4.3.0', revision: 'a4995e2c09*'
System info: host: 'LAPTOP-B0R468S9', ip: '192.168.124.1', os.name: 'Windows 10', os.arch: 'amd64', os.version: '10.0', java.version: '11.0.12'
Driver info: org.openqa.selenium.chrome.ChromeDriver
Command: [86cfbf5fe840b405d4730e593af92602, clickElement {id=93560dfd-59b5-44ca-b875-4855d5a1886b}]
Capabilities {acceptInsecureCerts: false, browserName: chrome, browserVersion: 103.0.5060.114, chrome: {chromedriverVersion: 103.0.5060.53 (a1711811edd7..., userDataDir: C:\Users\mahbu\AppData\Loca...}, goog:chromeOptions: {debuggerAddress: localhost:51368}, networkConnectionEnabled: false, pageLoadStrategy: normal, platformName: WINDOWS, proxy: Proxy(), se:cdp: ws://localhost:51368/devtoo..., se:cdpVersion: 103.0.5060.114, setWindowRect: true, strictFileInteractability: false, timeouts: {implicit: 0, pageLoad: 300000, script: 30000}, unhandledPromptBehavior: dismiss and notify, webauthn:extension:credBlob: true, webauthn:extension:largeBlob: true, webauthn:virtualAuthenticators: true}
Element: [[ChromeDriver: chrome on WINDOWS (86cfbf5fe840b405d4730e593af92602)] -> xpath: //a[contains(text(),'Customer Service')]]
Session ID: 86cfbf5fe840b405d4730e593af92602
at org.openqa.selenium.remote.codec.w3c.W3CHttpResponseCodec.createException(W3CHttpResponseCodec.java:200)
at org.openqa.selenium.remote.codec.w3c.W3CHttpResponseCodec.decode(W3CHttpResponseCodec.java:133)
at org.openqa.selenium.remote.codec.w3c.W3CHttpResponseCodec.decode(W3CHttpResponseCodec.java:53)
at org.openqa.selenium.remote.HttpCommandExecutor.execute(HttpCommandExecutor.java:184)
at org.openqa.selenium.remote.service.DriverCommandExecutor.invokeExecute(DriverCommandExecutor.java:167)
at org.openqa.selenium.remote.service.DriverCommandExecutor.execute(DriverCommandExecutor.java:142)
at org.openqa.selenium.remote.RemoteWebDriver.execute(RemoteWebDriver.java:569)
at org.openqa.selenium.remote.RemoteWebElement.execute(RemoteWebElement.java:257)
at org.openqa.selenium.remote.RemoteWebElement.click(RemoteWebElement.java:78)
at org.openqa.selenium.support.pagefactory.internal.LocatingElementHandler.invoke(LocatingElementHandler.java:52)
at com.sun.proxy.$Proxy19.click(Unknown Source)
at com.amazon.Pages.AmazonHomePage.clickOnCustomerServiceLink(AmazonHomePage.java:113)
at com.amazon.testPages.HomePageTest.AmazonHomePageTest.AmazonHomePageCustomerServicelinkFunctionalityChecking(AmazonHomePageTest.java:37)
at java.base/java.util.ArrayList.forEach(ArrayList.java:1541)
... Removed 39 stack frames]]>
    </failure>
  </testcase> <!-- AmazonHomePageCustomerServicelinkFunctionalityChecking -->
  <testcase classname="com.amazon.testPages.HomePageTest.AmazonHomePageTest" name="verifyHamBurgerMenuWebElementFunctionality" time="0.0">
    <ignored/>
  </testcase> <!-- verifyHamBurgerMenuWebElementFunctionality -->
  <testcase classname="com.amazon.testPages.HomePageTest.AmazonHomePageTest" name="verifySignInFunctionality" time="0.0">
    <ignored/>
  </testcase> <!-- verifySignInFunctionality -->
</testsuite> <!-- Amazon Web Automation -->
